Thu Nov 11 12:18:41 EST 2010: Creating new db @ tmp/neo4j/neostore
Thu Nov 11 12:18:42 EST 2010: Opened [tmp/neo4j/nioneo_logical.log.1] clean empty log, version=0
Thu Nov 11 12:18:42 EST 2010: Opened [tmp/neo4j/lucene/lucene.log.1] clean empty log, version=0
Thu Nov 11 12:18:42 EST 2010: Opened [tmp/neo4j/lucene-fulltext/lucene.log.1] clean empty log, version=0
Thu Nov 11 12:18:42 EST 2010: Opened [/home/ben/dev/devise-neo4j/tmp/neo4j/index/lucene.log.1] clean empty log, version=0
Thu Nov 11 12:18:42 EST 2010: Extension org.neo4j.graphdb.index.IndexProvider[lucene] initialized ok
Thu Nov 11 12:18:42 EST 2010: TM new log: tm_tx_log.1
Thu Nov 11 12:18:42 EST 2010: --- CONFIGURATION START ---
Thu Nov 11 12:18:42 EST 2010: Physical mem: 634MB, Heap size: 483MB
Thu Nov 11 12:18:42 EST 2010: Kernel version: Neo4j - Graph Database Kernel 1.2-1.2.M03
Thu Nov 11 12:18:42 EST 2010: Operating System: Linux; version: 2.6.35-22-generic; arch: i386
Thu Nov 11 12:18:42 EST 2010: VM Name: Java HotSpot(TM) Client VM
Thu Nov 11 12:18:42 EST 2010: VM Vendor: Sun Microsystems Inc.
Thu Nov 11 12:18:42 EST 2010: VM Version: 17.1-b03
Thu Nov 11 12:18:42 EST 2010: Boot Class Path: /usr/lib/jvm/jdk1.6.0_22/jre/lib/resources.jar:/usr/lib/jvm/jdk1.6.0_22/jre/lib/rt.jar:/usr/lib/jvm/jdk1.6.0_22/jre/lib/sunrsasign.jar:/usr/lib/jvm/jdk1.6.0_22/jre/lib/jsse.jar:/usr/lib/jvm/jdk1.6.0_22/jre/lib/jce.jar:/usr/lib/jvm/jdk1.6.0_22/jre/lib/charsets.jar:/usr/lib/jvm/jdk1.6.0_22/jre/classes:/usr/lib/jruby//lib/jruby.jar
Thu Nov 11 12:18:42 EST 2010: Class Path: /usr/lib/jruby//lib/profile.jar:
Thu Nov 11 12:18:42 EST 2010: Library Path: /usr/lib/jvm/jdk1.6.0_22/jre/lib/i386/client:/usr/lib/jvm/jdk1.6.0_22/jre/lib/i386:/usr/lib/jvm/jdk1.6.0_22/jre/../lib/i386:/usr/java/packages/lib/i386:/lib:/usr/lib
Thu Nov 11 12:18:42 EST 2010: Garbage Collector: Copy: [Eden Space, Survivor Space]
Thu Nov 11 12:18:42 EST 2010: Garbage Collector: MarkSweepCompact: [Eden Space, Survivor Space, Tenured Gen, Perm Gen, Perm Gen [shared-ro], Perm Gen [shared-rw]]
Thu Nov 11 12:18:42 EST 2010: VM Arguments: [-Djruby.memory.max=500m, -Djruby.stack.max=1024k, -Xmx500m, -Xss1024k, -Djffi.boot.library.path=, -Xbootclasspath/a:/usr/lib/jruby//lib/jruby.jar, -Djruby.home=/usr/lib/jruby/, -Djruby.lib=/usr/lib/jruby//lib, -Djruby.script=jruby, -Djruby.shell=/bin/sh]
Thu Nov 11 12:18:42 EST 2010: 
Thu Nov 11 12:18:42 EST 2010: create=true
Thu Nov 11 12:18:42 EST 2010: dir=tmp/neo4j/lucene-fulltext
Thu Nov 11 12:18:42 EST 2010: logical_log=tmp/neo4j/nioneo_logical.log
Thu Nov 11 12:18:42 EST 2010: neo_store=tmp/neo4j/neostore
Thu Nov 11 12:18:42 EST 2010: neostore.nodestore.db.mapped_memory=20M
Thu Nov 11 12:18:42 EST 2010: neostore.propertystore.db.arrays.mapped_memory=130M
Thu Nov 11 12:18:42 EST 2010: neostore.propertystore.db.index.keys.mapped_memory=1M
Thu Nov 11 12:18:42 EST 2010: neostore.propertystore.db.index.mapped_memory=1M
Thu Nov 11 12:18:42 EST 2010: neostore.propertystore.db.mapped_memory=90M
Thu Nov 11 12:18:42 EST 2010: neostore.propertystore.db.strings.mapped_memory=130M
Thu Nov 11 12:18:42 EST 2010: neostore.relationshipstore.db.mapped_memory=100M
Thu Nov 11 12:18:42 EST 2010: rebuild_idgenerators_fast=true
Thu Nov 11 12:18:42 EST 2010: store_dir=tmp/neo4j
Thu Nov 11 12:18:42 EST 2010: --- CONFIGURATION END ---
Thu Nov 11 12:18:42 EST 2010: Extension org.neo4j.graphdb.index.IndexProvider[lucene] loaded ok
Thu Nov 11 12:18:42 EST 2010: Closed log tmp/neo4j/nioneo_logical.log
Thu Nov 11 12:18:42 EST 2010: NeoStore closed
Thu Nov 11 12:18:42 EST 2010: Closed log /home/ben/dev/devise-neo4j/tmp/neo4j/index/lucene.log
Thu Nov 11 12:18:42 EST 2010: Closed log tmp/neo4j/lucene/lucene.log
Thu Nov 11 12:18:42 EST 2010: NeoStore closed
Thu Nov 11 12:18:42 EST 2010: Closed log tmp/neo4j/lucene-fulltext/lucene.log
Thu Nov 11 12:18:42 EST 2010: TM shutting down
Thu Nov 11 12:18:42 EST 2010: Opened [tmp/neo4j/nioneo_logical.log.1] clean empty log, version=0
Thu Nov 11 12:18:42 EST 2010: Opened [tmp/neo4j/lucene/lucene.log.1] clean empty log, version=0
Thu Nov 11 12:18:42 EST 2010: Opened [tmp/neo4j/lucene-fulltext/lucene.log.1] clean empty log, version=0
Thu Nov 11 12:18:42 EST 2010: Opened [/home/ben/dev/devise-neo4j/tmp/neo4j/index/lucene.log.1] clean empty log, version=0
Thu Nov 11 12:18:42 EST 2010: Extension org.neo4j.graphdb.index.IndexProvider[lucene] initialized ok
Thu Nov 11 12:18:42 EST 2010: TM opening log: tmp/neo4j/tm_tx_log.1
Thu Nov 11 12:18:42 EST 2010: --- CONFIGURATION START ---
Thu Nov 11 12:18:42 EST 2010: Physical mem: 634MB, Heap size: 483MB
Thu Nov 11 12:18:42 EST 2010: Kernel version: Neo4j - Graph Database Kernel 1.2-1.2.M03
Thu Nov 11 12:18:42 EST 2010: Operating System: Linux; version: 2.6.35-22-generic; arch: i386
Thu Nov 11 12:18:42 EST 2010: VM Name: Java HotSpot(TM) Client VM
Thu Nov 11 12:18:42 EST 2010: VM Vendor: Sun Microsystems Inc.
Thu Nov 11 12:18:42 EST 2010: VM Version: 17.1-b03
Thu Nov 11 12:18:42 EST 2010: Boot Class Path: /usr/lib/jvm/jdk1.6.0_22/jre/lib/resources.jar:/usr/lib/jvm/jdk1.6.0_22/jre/lib/rt.jar:/usr/lib/jvm/jdk1.6.0_22/jre/lib/sunrsasign.jar:/usr/lib/jvm/jdk1.6.0_22/jre/lib/jsse.jar:/usr/lib/jvm/jdk1.6.0_22/jre/lib/jce.jar:/usr/lib/jvm/jdk1.6.0_22/jre/lib/charsets.jar:/usr/lib/jvm/jdk1.6.0_22/jre/classes:/usr/lib/jruby//lib/jruby.jar
Thu Nov 11 12:18:42 EST 2010: Class Path: /usr/lib/jruby//lib/profile.jar:
Thu Nov 11 12:18:42 EST 2010: Library Path: /usr/lib/jvm/jdk1.6.0_22/jre/lib/i386/client:/usr/lib/jvm/jdk1.6.0_22/jre/lib/i386:/usr/lib/jvm/jdk1.6.0_22/jre/../lib/i386:/usr/java/packages/lib/i386:/lib:/usr/lib
Thu Nov 11 12:18:42 EST 2010: Garbage Collector: Copy: [Eden Space, Survivor Space]
Thu Nov 11 12:18:42 EST 2010: Garbage Collector: MarkSweepCompact: [Eden Space, Survivor Space, Tenured Gen, Perm Gen, Perm Gen [shared-ro], Perm Gen [shared-rw]]
Thu Nov 11 12:18:42 EST 2010: VM Arguments: [-Djruby.memory.max=500m, -Djruby.stack.max=1024k, -Xmx500m, -Xss1024k, -Djffi.boot.library.path=, -Xbootclasspath/a:/usr/lib/jruby//lib/jruby.jar, -Djruby.home=/usr/lib/jruby/, -Djruby.lib=/usr/lib/jruby//lib, -Djruby.script=jruby, -Djruby.shell=/bin/sh]
Thu Nov 11 12:18:42 EST 2010: 
Thu Nov 11 12:18:42 EST 2010: create=true
Thu Nov 11 12:18:42 EST 2010: dir=tmp/neo4j/lucene-fulltext
Thu Nov 11 12:18:42 EST 2010: logical_log=tmp/neo4j/nioneo_logical.log
Thu Nov 11 12:18:42 EST 2010: neo_store=tmp/neo4j/neostore
Thu Nov 11 12:18:42 EST 2010: neostore.nodestore.db.mapped_memory=20M
Thu Nov 11 12:18:42 EST 2010: neostore.propertystore.db.arrays.mapped_memory=130M
Thu Nov 11 12:18:42 EST 2010: neostore.propertystore.db.index.keys.mapped_memory=1M
Thu Nov 11 12:18:42 EST 2010: neostore.propertystore.db.index.mapped_memory=1M
Thu Nov 11 12:18:42 EST 2010: neostore.propertystore.db.mapped_memory=90M
Thu Nov 11 12:18:42 EST 2010: neostore.propertystore.db.strings.mapped_memory=130M
Thu Nov 11 12:18:42 EST 2010: neostore.relationshipstore.db.mapped_memory=100M
Thu Nov 11 12:18:42 EST 2010: rebuild_idgenerators_fast=true
Thu Nov 11 12:18:42 EST 2010: store_dir=tmp/neo4j
Thu Nov 11 12:18:42 EST 2010: --- CONFIGURATION END ---
Thu Nov 11 12:18:42 EST 2010: Extension org.neo4j.graphdb.index.IndexProvider[lucene] loaded ok
Thu Nov 11 12:18:48 EST 2010: Closed log tmp/neo4j/nioneo_logical.log
Thu Nov 11 12:18:49 EST 2010: NeoStore closed
Thu Nov 11 12:18:49 EST 2010: Closed log /home/ben/dev/devise-neo4j/tmp/neo4j/index/lucene.log
Thu Nov 11 12:18:49 EST 2010: Closed log tmp/neo4j/lucene/lucene.log
Thu Nov 11 12:18:49 EST 2010: NeoStore closed
Thu Nov 11 12:18:49 EST 2010: Closed log tmp/neo4j/lucene-fulltext/lucene.log
Thu Nov 11 12:18:49 EST 2010: TM shutting down
